<?xml version="1.0" encoding="UTF-8"?>
<!-- Generated by org.testng.reporters.JUnitReportReporter -->
<testsuite hostname="DESKTOP-PUEN090" failures="0" tests="1" name="com.qa.testcases.Test1" time="13.168" errors="0" timestamp="13 Feb 2022 14:04:20 GMT" skipped="0">
  <testcase classname="com.qa.testcases.Test1" name="Draw_a_horizontal_and_vertical_line_which_intercepts" time="13.168"/>
</testsuite> <!-- com.qa.testcases.Test1 -->
